<?xml version="1.0" encoding="UTF-8"?>
<!-- Generated by org.testng.reporters.JUnitXMLReporter -->
<testsuite hostname="DESKTOP-NUVE9RN" ignored="0" name="Banking" tests="1" failures="1" timestamp="26 Aug 2019 15:38:20 GMT" time="41.924" errors="0">
  <testcase name="startup" time="3.088" classname="com.inetbanking.testCases.TC_LoginTest_001">
    <failure type="org.testng.internal.reflect.MethodMatcherException" message="
Data provider mismatch
Method: startup([])
Arguments: [(java.lang.String) mngr219433,(java.lang.String) eqYhunY]">
      <![CDATA[org.testng.internal.reflect.MethodMatcherException: 
Data provider mismatch
Method: startup([])
Arguments: [(java.lang.String) mngr219433,(java.lang.String) eqYhunY]
... Removed 20 stack frames]]>
    </failure>
  </testcase> <!-- startup -->
</testsuite> <!-- Banking -->
