<?xml version="1.0" encoding="UTF-8"?>
<testng-results skipped="0" failed="0" ignored="0" total="1" passed="1">
  <reporter-output>
  </reporter-output>
  <suite name="Suite" duration-ms="58793" started-at="2019-08-27T06:14:39Z" finished-at="2019-08-27T06:15:37Z">
    <groups>
    </groups>
    <test name="Test" duration-ms="58793" started-at="2019-08-27T06:14:39Z" finished-at="2019-08-27T06:15:37Z">
      <class name="com.inetbanking.testCases.TC_LoginTest_001">
        <test-method status="PASS" signature="setUp(java.lang.String)[pri:0, instance:com.inetbanking.testCases.TC_LoginTest_001@271053e1]" name="setUp" is-config="true" duration-ms="7644" started-at="2019-08-27T06:14:39Z" finished-at="2019-08-27T06:14:46Z">
          <params>
            <param index="0">
              <value>
                <![CDATA[chrome]]>
              </value>
            </param>
          </params>
          <reporter-output>
          </reporter-output>
        </test-method> <!-- setUp -->
        <test-method status="PASS" signature="startup()[pri:0, instance:com.inetbanking.testCases.TC_LoginTest_001@271053e1]" name="startup" duration-ms="50242" started-at="2019-08-27T06:14:46Z" finished-at="2019-08-27T06:15:36Z">
          <reporter-output>
          </reporter-output>
        </test-method> <!-- startup -->
        <test-method status="PASS" signature="tearDown()[pri:0, instance:com.inetbanking.testCases.TC_LoginTest_001@271053e1]" name="tearDown" is-config="true" duration-ms="864" started-at="2019-08-27T06:15:37Z" finished-at="2019-08-27T06:15:37Z">
          <reporter-output>
          </reporter-output>
        </test-method> <!-- tearDown -->
      </class> <!-- com.inetbanking.testCases.TC_LoginTest_001 -->
    </test> <!-- Test -->
  </suite> <!-- Suite -->
</testng-results>
